d:\se\wordlist\wordgui\wordgui\debug\wordgui.pch
d:\se\wordlist\wordgui\wordgui\debug\vc141.pdb
d:\se\wordlist\wordgui\wordgui\debug\vc141.idb
d:\se\wordlist\wordgui\wordgui\debug\pch.obj
d:\se\wordlist\wordgui\wordgui\debug\wordlistproject.obj
d:\se\wordlist\wordgui\wordgui\debug\wordgui.obj
d:\se\wordlist\wordgui\wordgui\debug\initialization.obj
d:\se\wordlist\wordgui\wordgui\debug\imgui_widgets.obj
d:\se\wordlist\wordgui\wordgui\debug\imgui_impl_opengl3.obj
d:\se\wordlist\wordgui\wordgui\debug\imgui_impl_glfw.obj
d:\se\wordlist\wordgui\wordgui\debug\imgui_draw.obj
d:\se\wordlist\wordgui\wordgui\debug\imgui_demo.obj
d:\se\wordlist\wordgui\wordgui\debug\imgui.obj
d:\se\wordlist\wordgui\wordgui\debug\imguifilesystem.obj
d:\se\wordlist\wordgui\wordgui\debug\findchain.obj
d:\se\wordlist\wordgui\wordgui\debug\error.obj
d:\se\wordlist\wordgui\wordgui\debug\core.obj
d:\se\wordlist\wordgui\wordgui\debug\gl3w.obj
d:\se\wordlist\wordgui\debug\wordgui.exe
d:\se\wordlist\wordgui\debug\wordgui.ilk
d:\se\wordlist\wordgui\debug\wordgui.pdb
d:\se\wordlist\wordgui\wordgui\debug\wordgui.tlog\cl.command.1.tlog
d:\se\wordlist\wordgui\wordgui\debug\wordgui.tlog\cl.read.1.tlog
d:\se\wordlist\wordgui\wordgui\debug\wordgui.tlog\cl.write.1.tlog
d:\se\wordlist\wordgui\wordgui\debug\wordgui.tlog\link.command.1.tlog
d:\se\wordlist\wordgui\wordgui\debug\wordgui.tlog\link.read.1.tlog
d:\se\wordlist\wordgui\wordgui\debug\wordgui.tlog\link.write.1.tlog
