d:\se\wordlist\wordlistproject\wordlistproject\debug\wordlistproject.pch
d:\se\wordlist\wordlistproject\wordlistproject\debug\vc141.pdb
d:\se\wordlist\wordlistproject\wordlistproject\debug\vc141.idb
d:\se\wordlist\wordlistproject\wordlistproject\debug\pch.obj
d:\se\wordlist\wordlistproject\wordlistproject\debug\wordlistproject.obj
d:\se\wordlist\wordlistproject\wordlistproject\debug\initialization.obj
d:\se\wordlist\wordlistproject\wordlistproject\debug\findchain.obj
d:\se\wordlist\wordlistproject\wordlistproject\debug\core.obj
d:\se\wordlist\wordlistproject\wordlistproject\debug\error.obj
d:\se\wordlist\wordlistproject\debug\wordlistproject.exe
d:\se\wordlist\wordlistproject\debug\wordlistproject.ilk
d:\se\wordlist\wordlistproject\debug\wordlistproject.pdb
d:\se\wordlist\wordlistproject\wordlistproject\debug\nativecodeanalysis.read.1.tlog
d:\se\wordlist\wordlistproject\wordlistproject\debug\core.nativecodeanalysis.xml
d:\se\wordlist\wordlistproject\wordlistproject\debug\error.nativecodeanalysis.xml
d:\se\wordlist\wordlistproject\wordlistproject\debug\findchain.nativecodeanalysis.xml
d:\se\wordlist\wordlistproject\wordlistproject\debug\initialization.nativecodeanalysis.xml
d:\se\wordlist\wordlistproject\wordlistproject\debug\pch.nativecodeanalysis.xml
d:\se\wordlist\wordlistproject\wordlistproject\debug\vc.nativecodeanalysis.all.xml
d:\se\wordlist\wordlistproject\wordlistproject\debug\wordlistproject.nativecodeanalysis.xml
d:\se\wordlist\wordlistproject\debug\wordlistproject.exe.lastcodeanalysissucceeded
d:\se\wordlist\wordlistproject\wordlistproject\debug\wordlistproject.tlog\cl.command.1.tlog
d:\se\wordlist\wordlistproject\wordlistproject\debug\wordlistproject.tlog\cl.read.1.tlog
d:\se\wordlist\wordlistproject\wordlistproject\debug\wordlistproject.tlog\cl.write.1.tlog
d:\se\wordlist\wordlistproject\wordlistproject\debug\wordlistproject.tlog\link.command.1.tlog
d:\se\wordlist\wordlistproject\wordlistproject\debug\wordlistproject.tlog\link.read.1.tlog
d:\se\wordlist\wordlistproject\wordlistproject\debug\wordlistproject.tlog\link.write.1.tlog
